<?xml version="1.0" encoding="UTF-8"?>
<!-- Generated by org.testng.reporters.JUnitReportReporter -->
<testsuite name="com.tescases.LoginTestSample" tests="1" time="6.052" ignored="0" failures="0" timestamp="07 Aug 2019 05:49:53 GMT" skipped="0" hostname="TXCDTL87VS0322" errors="0">
  <testcase name="login" time="6.052" classname="com.tescases.LoginTestSample"/>
</testsuite> <!-- com.tescases.LoginTestSample -->
