<?xml version="1.0" encoding="UTF-8"?>
<!-- Generated by org.testng.reporters.JUnitReportReporter -->
<testsuite name="com.tescases.LoginTestSample" tests="1" time="2.615" ignored="0" failures="0" timestamp="06 Aug 2019 05:31:54 GMT" skipped="0" hostname="TXCDTL87VS0322" errors="0">
  <testcase name="login" time="2.615" classname="com.tescases.LoginTestSample"/>
</testsuite> <!-- com.tescases.LoginTestSample -->
